[debug] [2023-09-08T14:46:24.613Z] ----------------------------------------------------------------------
[debug] [2023-09-08T14:46:24.615Z] Command:       C:\Program Files\nodejs\node.exe C:\Users\pedri\AppData\Roaming\npm\node_modules\firebase-tools\lib\bin\firebase.js init
[debug] [2023-09-08T14:46:24.615Z] CLI Version:   12.5.2
[debug] [2023-09-08T14:46:24.616Z] Platform:      win32
[debug] [2023-09-08T14:46:24.616Z] Node Version:  v16.15.0
[debug] [2023-09-08T14:46:24.617Z] Time:          Fri Sep 08 2023 11:46:24 GMT-0300 (hora estándar de Argentina)
[debug] [2023-09-08T14:46:24.617Z] ----------------------------------------------------------------------
[debug] 
[debug] [2023-09-08T14:46:24.625Z] > command requires scopes: ["email","openid","https://www.googleapis.com/auth/cloudplatformprojects.readonly","https://www.googleapis.com/auth/firebase","https://www.googleapis.com/auth/cloud-platform"]
[debug] [2023-09-08T14:46:24.626Z] > authorizing via signed-in user (pittmoliando@gmail.com)
[info] 
     ######## #### ########  ######## ########     ###     ######  ########
     ##        ##  ##     ## ##       ##     ##  ##   ##  ##       ##
     ######    ##  ########  ######   ########  #########  ######  ######
     ##        ##  ##    ##  ##       ##     ## ##     ##       ## ##
     ##       #### ##     ## ######## ########  ##     ##  ######  ########

You're about to initialize a Firebase project in this directory:

  C:\Users\pedri\modulo-8\hooks

[info] 
=== Project Setup
[info] 
[info] First, let's associate this project directory with a Firebase project.
[info] You can create multiple project aliases by running firebase use --add, 
[info] but for now we'll just set up a default project.
[info] 
[debug] [2023-09-08T14:47:57.185Z] >>> [apiv2][query] GET https://firebase.googleapis.com/v1beta1/projects pageSize=100
[debug] [2023-09-08T14:47:57.852Z] <<< [apiv2][status] GET https://firebase.googleapis.com/v1beta1/projects 200
[debug] [2023-09-08T14:47:57.852Z] <<< [apiv2][body] GET https://firebase.googleapis.com/v1beta1/projects [omitted]
[info] i  Using project dwf-modulo6 (dwf-modulo6) 
[info] 
=== Hosting Setup
[info] 
[info] Your public directory is the folder (relative to your project directory) that
[info] will contain Hosting assets to be uploaded with firebase deploy. If you
[info] have a build process for your assets, use your build's output directory.
[info] 
[debug] [2023-09-08T14:52:01.112Z] >>> [apiv2][query] GET https://www.gstatic.com/firebasejs/releases.json [none]
[debug] [2023-09-08T14:52:01.243Z] <<< [apiv2][status] GET https://www.gstatic.com/firebasejs/releases.json 200
[debug] [2023-09-08T14:52:01.243Z] <<< [apiv2][body] GET https://www.gstatic.com/firebasejs/releases.json {"current":{"version":"10.3.1","browserURL":"https://www.gstatic.com/firebasejs/10.3.1/firebase.js","packageURL":"https://www.gstatic.com/firebasejs/10.3.1/firebase.tgz"},"live":{"version":"10.3","browserURL":"https://www.gstatic.com/firebasejs/live/10.3/firebase.js","packageURL":"https://www.gstatic.com/firebasejs/live/10.3/firebase.tgz"},"components":{"analytics":"https://www.gstatic.com/firebasejs/10.3.1/firebase-analytics.js","app":"https://www.gstatic.com/firebasejs/10.3.1/firebase-app.js","app-check":"https://www.gstatic.com/firebasejs/10.3.1/firebase-app-check.js","auth":"https://www.gstatic.com/firebasejs/10.3.1/firebase-auth.js","auth/cordova":"https://www.gstatic.com/firebasejs/10.3.1/firebase-auth/cordova.js","functions":"https://www.gstatic.com/firebasejs/10.3.1/firebase-functions.js","firestore":"https://www.gstatic.com/firebasejs/10.3.1/firebase-firestore.js","firestore/lite":"https://www.gstatic.com/firebasejs/10.3.1/firebase-firestore/lite.js","installations":"https://www.gstatic.com/firebasejs/10.3.1/firebase-installations.js","storage":"https://www.gstatic.com/firebasejs/10.3.1/firebase-storage.js","performance":"https://www.gstatic.com/firebasejs/10.3.1/firebase-performance.js","remote-config":"https://www.gstatic.com/firebasejs/10.3.1/firebase-remote-config.js","messaging":"https://www.gstatic.com/firebasejs/10.3.1/firebase-messaging.js","messaging/sw":"https://www.gstatic.com/firebasejs/10.3.1/firebase-messaging/sw.js","database":"https://www.gstatic.com/firebasejs/10.3.1/firebase-database.js","firestore.memory":"https://www.gstatic.com/firebasejs/10.3.1/firebase-firestore.memory.js"}}
[info] i  Skipping write of ./index.html 
[info] 
[info] i  Detected a .git folder at C:\Users\pedri 
[info] i  Authorizing with GitHub to upload your service account to a GitHub repository's secrets store. 
[info] 
[info] Visit this URL on this device to log in:
[info] https://github.com/login/oauth/authorize?client_id=89cf50f02ac6aaed3484&state=1047786862&redirect_uri=http%3A%2F%2Flocalhost%3A9005&scope=read%3Auser%20repo%20public_repo
[info] 
[info] Waiting for authentication...
[debug] [2023-09-08T14:52:45.307Z] >>> [apiv2][query] POST https://github.com/login/oauth/access_token [none]
[debug] [2023-09-08T14:52:45.307Z] >>> [apiv2][body] POST https://github.com/login/oauth/access_token [stream]
[debug] [2023-09-08T14:52:46.025Z] <<< [apiv2][status] POST https://github.com/login/oauth/access_token 200
[debug] [2023-09-08T14:52:46.025Z] <<< [apiv2][body] POST https://github.com/login/oauth/access_token {"access_token":"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","token_type":"bearer","scope":"read:user,repo"}
[debug] [2023-09-08T14:52:46.034Z] >>> [apiv2][query] GET https://api.github.com/user [none]
[debug] [2023-09-08T14:52:46.445Z] <<< [apiv2][status] GET https://api.github.com/user 200
[debug] [2023-09-08T14:52:46.445Z] <<< [apiv2][body] GET https://api.github.com/user {"login":"pedroMolina-lab","id":105892061,"node_id":"U_kgDOBk_I3Q","avatar_url":"https://avatars.githubusercontent.com/u/105892061?v=4","gravatar_id":"","url":"https://api.github.com/users/pedroMolina-lab","html_url":"https://github.com/pedroMolina-lab","followers_url":"https://api.github.com/users/pedroMolina-lab/followers","following_url":"https://api.github.com/users/pedroMolina-lab/following{/other_user}","gists_url":"https://api.github.com/users/pedroMolina-lab/gists{/gist_id}","starred_url":"https://api.github.com/users/pedroMolina-lab/starred{/owner}{/repo}","subscriptions_url":"https://api.github.com/users/pedroMolina-lab/subscriptions","organizations_url":"https://api.github.com/users/pedroMolina-lab/orgs","repos_url":"https://api.github.com/users/pedroMolina-lab/repos","events_url":"https://api.github.com/users/pedroMolina-lab/events{/privacy}","received_events_url":"https://api.github.com/users/pedroMolina-lab/received_events","type":"User","site_admin":false,"name":null,"company":null,"blog":"","location":null,"email":null,"hireable":null,"bio":null,"twitter_username":null,"public_repos":9,"public_gists":3,"followers":0,"following":0,"created_at":"2022-05-19T22:45:40Z","updated_at":"2023-08-18T03:18:23Z","private_gists":0,"total_private_repos":0,"owned_private_repos":0,"disk_usage":1656,"collaborators":0,"two_factor_authentication":false,"plan":{"name":"free","space":976562499,"collaborators":0,"private_repos":10000}}
[info] 
[info] +  Success! Logged into GitHub as pedroMolina-lab 
[info] 
[debug] [2023-09-08T14:54:25.877Z] >>> [apiv2][query] GET https://api.github.com/repos/git status/actions/secrets/public-key type=owner
[debug] [2023-09-08T14:54:26.211Z] <<< [apiv2][status] GET https://api.github.com/repos/git status/actions/secrets/public-key 404
[debug] [2023-09-08T14:54:26.211Z] <<< [apiv2][body] GET https://api.github.com/repos/git status/actions/secrets/public-key {"message":"Not Found","documentation_url":"https://docs.github.com/rest"}
[info] 
[info] 
[error] !  The provided authorization cannot be used with this repository. If this repository is in an organization, did you remember to grant access? 
[info] 
[info] i  Action required: Visit this URL to ensure access has been granted to the appropriate organization(s) for the Firebase CLI GitHub OAuth App: 
[info] https://github.com/settings/connections/applications/89cf50f02ac6aaed3484
[info] 
[debug] [2023-09-08T14:54:41.121Z] >>> [apiv2][query] GET https://api.github.com/repos/git status/actions/secrets/public-key type=owner
[debug] [2023-09-08T14:54:41.432Z] <<< [apiv2][status] GET https://api.github.com/repos/git status/actions/secrets/public-key 404
[debug] [2023-09-08T14:54:41.432Z] <<< [apiv2][body] GET https://api.github.com/repos/git status/actions/secrets/public-key {"message":"Not Found","documentation_url":"https://docs.github.com/rest"}
[info] 
[info] 
[error] !  The provided authorization cannot be used with this repository. If this repository is in an organization, did you remember to grant access? 
[info] 
[info] i  Action required: Visit this URL to ensure access has been granted to the appropriate organization(s) for the Firebase CLI GitHub OAuth App: 
[info] https://github.com/settings/connections/applications/89cf50f02ac6aaed3484
[info] 
